<?xml version="1.0" encoding="UTF-8"?>
<!-- Generated by org.testng.reporters.JUnitReportReporter -->
<testsuite hostname="KARTHICKLAPTOP" failures="0" tests="1" name="com.artoftesting.test.BookingLoginTest" time="3.576" errors="0" timestamp="2024-01-24T17:26:09 IST" skipped="0">
  <testcase classname="com.artoftesting.test.BookingLoginTest" name="loginTest" time="3.576"/>
  <system-out/>
</testsuite> <!-- com.artoftesting.test.BookingLoginTest -->
